<?xml version="1.0" encoding="UTF-8"?>
<testsuites>
  <testsuite name="login and signup" timestamp="2021-05-14T15:39:41" time="5.18" tests="1" failures="0" errors="0" skipped="0">
    <properties>
      <property name="specId" value="0"/>
      <property name="suiteName" value="login and signup"/>
      <property name="capabilities" value="iphone11.ios.14_0.ios-simulator-nativedemoapp-0_2_1_app"/>
      <property name="file" value="./test/specs/ios.e2e.js"/>
    </properties>
    <testcase classname="iphone11.ios.14_0.ios-simulator-nativedemoapp-0_2_1_app.login and signup" name="login account" time="5.179">
      <system-out><![CDATA[
COMMAND: POST /session/68e794b9-88f0-4ce3-9e3d-5d0b064463a3/appium/app/launch - {}
RESULT: {}
COMMAND: POST /session/68e794b9-88f0-4ce3-9e3d-5d0b064463a3/element - {"using":"xpath","value":"//XCUIElementTypeOther[@name=\"Login\"]"}
RESULT: {"using":"xpath","value":"//XCUIElementTypeOther[@name=\"Login\"]"}
COMMAND: POST /session/68e794b9-88f0-4ce3-9e3d-5d0b064463a3/element/12000000-0000-0000-5A40-000000000000/click - {}
RESULT: {}
COMMAND: DELETE /session/68e794b9-88f0-4ce3-9e3d-5d0b064463a3 - {}
RESULT: {}
]]></system-out>
    </testcase>
  </testsuite>
</testsuites>