<?xml version="1.0" encoding="UTF-8"?>
<testsuites>
  <testsuite name="login and signup" timestamp="2021-05-14T15:26:53" time="10.124" tests="2" failures="2" errors="2" skipped="0">
    <properties>
      <property name="specId" value="0"/>
      <property name="suiteName" value="login and signup"/>
      <property name="capabilities" value="iphone11.ios.14_0.ios-simulator-nativedemoapp-0_2_1_app"/>
      <property name="file" value="./test/specs/android.e2e.js"/>
    </properties>
    <testcase classname="iphone11.ios.14_0.ios-simulator-nativedemoapp-0_2_1_app.login and signup" name="login account" time="4.894">
      <failure/>
      <error message="loginPage is not defined"/>
      <system-out><![CDATA[
COMMAND: POST /session/c22ad012-e31b-4adb-923f-aaa921df0872/appium/app/launch - {}
RESULT: {}
]]></system-out>
      <system-err><![CDATA[
ReferenceError: loginPage is not defined
    at Function.switchPage (/Users/myjing/Documents/AppUI-AutoTest/test/pageobjects/android.base.page.js:23:27)
    at Context.<anonymous> (/Users/myjing/Documents/AppUI-AutoTest/test/specs/android.e2e.js:10:18)
]]></system-err>
    </testcase>
    <testcase classname="iphone11.ios.14_0.ios-simulator-nativedemoapp-0_2_1_app.login and signup" name="sign up account" time="5.228">
      <failure/>
      <error message="loginPage is not defined"/>
      <system-out><![CDATA[
COMMAND: POST /session/c22ad012-e31b-4adb-923f-aaa921df0872/appium/app/launch - {}
RESULT: {}
COMMAND: DELETE /session/c22ad012-e31b-4adb-923f-aaa921df0872 - {}
RESULT: {}
]]></system-out>
      <system-err><![CDATA[
ReferenceError: loginPage is not defined
    at Function.switchPage (/Users/myjing/Documents/AppUI-AutoTest/test/pageobjects/android.base.page.js:23:27)
    at Context.<anonymous> (/Users/myjing/Documents/AppUI-AutoTest/test/specs/android.e2e.js:15:18)
]]></system-err>
    </testcase>
  </testsuite>
</testsuites>s/mocha/lib/runnable.js:431:10)
    at Timeout.<anonymous> (/Users/myjing/Documents/AppUI-AutoTest/node_modules/mocha/lib/runnable.js:246:24)
    at listOnTimeout (internal/timers.js:549:17)
    at processTimers (internal/timers.js:492:7)
]]></system-err>
    </testcase>
  </testsuite>
</testsuites>