<?xml version="1.0" encoding="UTF-8"?>
<testsuites>
  <testsuite name="login and signup" timestamp="2021-05-14T15:46:16" time="8.928" tests="1" failures="0" errors="0" skipped="0">
    <properties>
      <property name="specId" value="0"/>
      <property name="suiteName" value="login and signup"/>
      <property name="capabilities" value="iphone11.ios.14_0.ios-simulator-nativedemoapp-0_2_1_app"/>
      <property name="file" value="./test/specs/ios.e2e.js"/>
    </properties>
    <testcase classname="iphone11.ios.14_0.ios-simulator-nativedemoapp-0_2_1_app.login and signup" name="login account" time="8.928">
      <system-out><![CDATA[
COMMAND: POST /session/25bad85e-f0e6-4e94-80fe-1cfa5c805515/appium/app/launch - {}
RESULT: {}
COMMAND: POST /session/25bad85e-f0e6-4e94-80fe-1cfa5c805515/element - {"using":"xpath","value":"//XCUIElementTypeOther[@name=\"Login\"]"}
RESULT: {"using":"xpath","value":"//XCUIElementTypeOther[@name=\"Login\"]"}
COMMAND: POST /session/25bad85e-f0e6-4e94-80fe-1cfa5c805515/element/12000000-0000-0000-8C43-000000000000/click - {}
RESULT: {}
COMMAND: POST /session/25bad85e-f0e6-4e94-80fe-1cfa5c805515/element - {"using":"xpath","value":"//XCUIElementTypeTextField[@name=\"input-email\"]"}
RESULT: {"using":"xpath","value":"//XCUIElementTypeTextField[@name=\"input-email\"]"}
COMMAND: POST /session/25bad85e-f0e6-4e94-80fe-1cfa5c805515/elements - {"using":"xpath","value":"//XCUIElementTypeTextField[@name=\"input-email\"]"}
RESULT: {"using":"xpath","value":"//XCUIElementTypeTextField[@name=\"input-email\"]"}
COMMAND: POST /session/25bad85e-f0e6-4e94-80fe-1cfa5c805515/element - {"using":"xpath","value":"//XCUIElementTypeTextField[@name=\"input-email\"]"}
RESULT: {"using":"xpath","value":"//XCUIElementTypeTextField[@name=\"input-email\"]"}
COMMAND: POST /session/25bad85e-f0e6-4e94-80fe-1cfa5c805515/element/4B000000-0000-0000-8C43-000000000000/clear - {}
RESULT: {}
COMMAND: POST /session/25bad85e-f0e6-4e94-80fe-1cfa5c805515/element/4B000000-0000-0000-8C43-000000000000/value - {"text":"test@test.com"}
RESULT: {"text":"test@test.com"}
COMMAND: POST /session/25bad85e-f0e6-4e94-80fe-1cfa5c805515/element - {"using":"xpath","value":"//XCUIElementTypeSecureTextField[@name=\"input-password\"]"}
RESULT: {"using":"xpath","value":"//XCUIElementTypeSecureTextField[@name=\"input-password\"]"}
COMMAND: POST /session/25bad85e-f0e6-4e94-80fe-1cfa5c805515/element/4D000000-0000-0000-8C43-000000000000/clear - {}
RESULT: {}
COMMAND: POST /session/25bad85e-f0e6-4e94-80fe-1cfa5c805515/element/4D000000-0000-0000-8C43-000000000000/value - {"text":"Test123"}
RESULT: {"text":"Test123"}
COMMAND: POST /session/25bad85e-f0e6-4e94-80fe-1cfa5c805515/element - {"using":"xpath","value":"//XCUIElementTypeOther[@name=\"LOGIN\"]"}
RESULT: {"using":"xpath","value":"//XCUIElementTypeOther[@name=\"LOGIN\"]"}
COMMAND: POST /session/25bad85e-f0e6-4e94-80fe-1cfa5c805515/element/42000000-0000-0000-8C43-000000000000/click - {}
RESULT: {}
COMMAND: DELETE /session/25bad85e-f0e6-4e94-80fe-1cfa5c805515 - {}
RESULT: {}
]]></system-out>
    </testcase>
  </testsuite>
</testsuites>