<?xml version="1.0" encoding="UTF-8"?>
<testsuites>
  <testsuite name="login and signup" timestamp="2021-05-14T15:48:11" time="20.804" tests="2" failures="0" errors="0" skipped="0">
    <properties>
      <property name="specId" value="0"/>
      <property name="suiteName" value="login and signup"/>
      <property name="capabilities" value="iphone11.ios.14_0.ios-simulator-nativedemoapp-0_2_1_app"/>
      <property name="file" value="./test/specs/ios.e2e.js"/>
    </properties>
    <testcase classname="iphone11.ios.14_0.ios-simulator-nativedemoapp-0_2_1_app.login and signup" name="login account" time="8.977">
      <system-out><![CDATA[
COMMAND: POST /session/7f46a882-e17b-4aad-a1e4-b1cd5eac32e4/appium/app/launch - {}
RESULT: {}
COMMAND: POST /session/7f46a882-e17b-4aad-a1e4-b1cd5eac32e4/element - {"using":"xpath","value":"//XCUIElementTypeOther[@name=\"Login\"]"}
RESULT: {"using":"xpath","value":"//XCUIElementTypeOther[@name=\"Login\"]"}
COMMAND: POST /session/7f46a882-e17b-4aad-a1e4-b1cd5eac32e4/element/12000000-0000-0000-1145-000000000000/click - {}
RESULT: {}
COMMAND: POST /session/7f46a882-e17b-4aad-a1e4-b1cd5eac32e4/element - {"using":"xpath","value":"//XCUIElementTypeTextField[@name=\"input-email\"]"}
RESULT: {"using":"xpath","value":"//XCUIElementTypeTextField[@name=\"input-email\"]"}
COMMAND: POST /session/7f46a882-e17b-4aad-a1e4-b1cd5eac32e4/elements - {"using":"xpath","value":"//XCUIElementTypeTextField[@name=\"input-email\"]"}
RESULT: {"using":"xpath","value":"//XCUIElementTypeTextField[@name=\"input-email\"]"}
COMMAND: POST /session/7f46a882-e17b-4aad-a1e4-b1cd5eac32e4/element - {"using":"xpath","value":"//XCUIElementTypeTextField[@name=\"input-email\"]"}
RESULT: {"using":"xpath","value":"//XCUIElementTypeTextField[@name=\"input-email\"]"}
COMMAND: POST /session/7f46a882-e17b-4aad-a1e4-b1cd5eac32e4/element/4B000000-0000-0000-1145-000000000000/clear - {}
RESULT: {}
COMMAND: POST /session/7f46a882-e17b-4aad-a1e4-b1cd5eac32e4/element/4B000000-0000-0000-1145-000000000000/value - {"text":"test@test.com"}
RESULT: {"text":"test@test.com"}
COMMAND: POST /session/7f46a882-e17b-4aad-a1e4-b1cd5eac32e4/element - {"using":"xpath","value":"//XCUIElementTypeSecureTextField[@name=\"input-password\"]"}
RESULT: {"using":"xpath","value":"//XCUIElementTypeSecureTextField[@name=\"input-password\"]"}
COMMAND: POST /session/7f46a882-e17b-4aad-a1e4-b1cd5eac32e4/element/4D000000-0000-0000-1145-000000000000/clear - {}
RESULT: {}
COMMAND: POST /session/7f46a882-e17b-4aad-a1e4-b1cd5eac32e4/element/4D000000-0000-0000-1145-000000000000/value - {"text":"Test123"}
RESULT: {"text":"Test123"}
COMMAND: POST /session/7f46a882-e17b-4aad-a1e4-b1cd5eac32e4/element - {"using":"xpath","value":"//XCUIElementTypeOther[@name=\"LOGIN\"]"}
RESULT: {"using":"xpath","value":"//XCUIElementTypeOther[@name=\"LOGIN\"]"}
COMMAND: POST /session/7f46a882-e17b-4aad-a1e4-b1cd5eac32e4/element/42000000-0000-0000-1145-000000000000/click - {}
RESULT: {}
]]></system-out>
    </testcase>
    <testcase classname="iphone11.ios.14_0.ios-simulator-nativedemoapp-0_2_1_app.login and signup" name="sign up account" time="11.826">
      <system-out><![CDATA[
COMMAND: POST /session/7f46a882-e17b-4aad-a1e4-b1cd5eac32e4/appium/app/launch - {}
RESULT: {}
COMMAND: POST /session/7f46a882-e17b-4aad-a1e4-b1cd5eac32e4/element - {"using":"xpath","value":"//XCUIElementTypeOther[@name=\"Login\"]"}
RESULT: {"using":"xpath","value":"//XCUIElementTypeOther[@name=\"Login\"]"}
COMMAND: POST /session/7f46a882-e17b-4aad-a1e4-b1cd5eac32e4/element/12000000-0000-0000-4B45-000000000000/click - {}
RESULT: {}
COMMAND: POST /session/7f46a882-e17b-4aad-a1e4-b1cd5eac32e4/element - {"using":"xpath","value":"//XCUIElementTypeStaticText[@name=\"Sign up\"]"}
RESULT: {"using":"xpath","value":"//XCUIElementTypeStaticText[@name=\"Sign up\"]"}
COMMAND: POST /session/7f46a882-e17b-4aad-a1e4-b1cd5eac32e4/elements - {"using":"xpath","value":"//XCUIElementTypeStaticText[@name=\"Sign up\"]"}
RESULT: {"using":"xpath","value":"//XCUIElementTypeStaticText[@name=\"Sign up\"]"}
COMMAND: POST /session/7f46a882-e17b-4aad-a1e4-b1cd5eac32e4/element - {"using":"xpath","value":"//XCUIElementTypeStaticText[@name=\"Sign up\"]"}
RESULT: {"using":"xpath","value":"//XCUIElementTypeStaticText[@name=\"Sign up\"]"}
COMMAND: POST /session/7f46a882-e17b-4aad-a1e4-b1cd5eac32e4/element/44000000-0000-0000-4B45-000000000000/click - {}
RESULT: {}
COMMAND: POST /session/7f46a882-e17b-4aad-a1e4-b1cd5eac32e4/element - {"using":"xpath","value":"//XCUIElementTypeTextField[@name=\"input-email\"]"}
RESULT: {"using":"xpath","value":"//XCUIElementTypeTextField[@name=\"input-email\"]"}
COMMAND: POST /session/7f46a882-e17b-4aad-a1e4-b1cd5eac32e4/element/4B000000-0000-0000-4B45-000000000000/clear - {}
RESULT: {}
COMMAND: POST /session/7f46a882-e17b-4aad-a1e4-b1cd5eac32e4/element/4B000000-0000-0000-4B45-000000000000/value - {"text":"test@test.com"}
RESULT: {"text":"test@test.com"}
COMMAND: POST /session/7f46a882-e17b-4aad-a1e4-b1cd5eac32e4/element - {"using":"xpath","value":"//XCUIElementTypeSecureTextField[@name=\"input-password\"]"}
RESULT: {"using":"xpath","value":"//XCUIElementTypeSecureTextField[@name=\"input-password\"]"}
COMMAND: POST /session/7f46a882-e17b-4aad-a1e4-b1cd5eac32e4/element/4D000000-0000-0000-4B45-000000000000/clear - {}
RESULT: {}
COMMAND: POST /session/7f46a882-e17b-4aad-a1e4-b1cd5eac32e4/element/4D000000-0000-0000-4B45-000000000000/value - {"text":"Test123"}
RESULT: {"text":"Test123"}
COMMAND: POST /session/7f46a882-e17b-4aad-a1e4-b1cd5eac32e4/element - {"using":"xpath","value":"//XCUIElementTypeSecureTextField[@name=\"input-repeat-password\"]"}
RESULT: {"using":"xpath","value":"//XCUIElementTypeSecureTextField[@name=\"input-repeat-password\"]"}
COMMAND: POST /session/7f46a882-e17b-4aad-a1e4-b1cd5eac32e4/element/53000000-0000-0000-4B45-000000000000/clear - {}
RESULT: {}
COMMAND: POST /session/7f46a882-e17b-4aad-a1e4-b1cd5eac32e4/element/53000000-0000-0000-4B45-000000000000/value - {"text":"Test123"}
RESULT: {"text":"Test123"}
COMMAND: POST /session/7f46a882-e17b-4aad-a1e4-b1cd5eac32e4/element - {"using":"xpath","value":"//XCUIElementTypeStaticText[@name=\"SIGN UP\"]"}
RESULT: {"using":"xpath","value":"//XCUIElementTypeStaticText[@name=\"SIGN UP\"]"}
COMMAND: POST /session/7f46a882-e17b-4aad-a1e4-b1cd5eac32e4/element/49000000-0000-0000-4B45-000000000000/click - {}
RESULT: {}
COMMAND: DELETE /session/7f46a882-e17b-4aad-a1e4-b1cd5eac32e4 - {}
RESULT: {}
]]></system-out>
    </testcase>
  </testsuite>
</testsuites>