<?xml version="1.0" encoding="UTF-8"?>
<testsuites>
  <testsuite name="login and signup" timestamp="2021-05-14T15:47:17" time="14.015" tests="2" failures="1" errors="1" skipped="0">
    <properties>
      <property name="specId" value="0"/>
      <property name="suiteName" value="login and signup"/>
      <property name="capabilities" value="iphone11.ios.14_0.ios-simulator-nativedemoapp-0_2_1_app"/>
      <property name="file" value="./test/specs/ios.e2e.js"/>
    </properties>
    <testcase classname="iphone11.ios.14_0.ios-simulator-nativedemoapp-0_2_1_app.login and signup" name="login account" time="8.777">
      <system-out><![CDATA[
COMMAND: POST /session/bbc6d20c-291e-44c3-82b6-485cdf57142c/appium/app/launch - {}
RESULT: {}
COMMAND: POST /session/bbc6d20c-291e-44c3-82b6-485cdf57142c/element - {"using":"xpath","value":"//XCUIElementTypeOther[@name=\"Login\"]"}
RESULT: {"using":"xpath","value":"//XCUIElementTypeOther[@name=\"Login\"]"}
COMMAND: POST /session/bbc6d20c-291e-44c3-82b6-485cdf57142c/element/12000000-0000-0000-3E44-000000000000/click - {}
RESULT: {}
COMMAND: POST /session/bbc6d20c-291e-44c3-82b6-485cdf57142c/element - {"using":"xpath","value":"//XCUIElementTypeTextField[@name=\"input-email\"]"}
RESULT: {"using":"xpath","value":"//XCUIElementTypeTextField[@name=\"input-email\"]"}
COMMAND: POST /session/bbc6d20c-291e-44c3-82b6-485cdf57142c/elements - {"using":"xpath","value":"//XCUIElementTypeTextField[@name=\"input-email\"]"}
RESULT: {"using":"xpath","value":"//XCUIElementTypeTextField[@name=\"input-email\"]"}
COMMAND: POST /session/bbc6d20c-291e-44c3-82b6-485cdf57142c/element - {"using":"xpath","value":"//XCUIElementTypeTextField[@name=\"input-email\"]"}
RESULT: {"using":"xpath","value":"//XCUIElementTypeTextField[@name=\"input-email\"]"}
COMMAND: POST /session/bbc6d20c-291e-44c3-82b6-485cdf57142c/element/4B000000-0000-0000-3E44-000000000000/clear - {}
RESULT: {}
COMMAND: POST /session/bbc6d20c-291e-44c3-82b6-485cdf57142c/element/4B000000-0000-0000-3E44-000000000000/value - {"text":"test@test.com"}
RESULT: {"text":"test@test.com"}
COMMAND: POST /session/bbc6d20c-291e-44c3-82b6-485cdf57142c/element - {"using":"xpath","value":"//XCUIElementTypeSecureTextField[@name=\"input-password\"]"}
RESULT: {"using":"xpath","value":"//XCUIElementTypeSecureTextField[@name=\"input-password\"]"}
COMMAND: POST /session/bbc6d20c-291e-44c3-82b6-485cdf57142c/element/4D000000-0000-0000-3E44-000000000000/clear - {}
RESULT: {}
COMMAND: POST /session/bbc6d20c-291e-44c3-82b6-485cdf57142c/element/4D000000-0000-0000-3E44-000000000000/value - {"text":"Test123"}
RESULT: {"text":"Test123"}
COMMAND: POST /session/bbc6d20c-291e-44c3-82b6-485cdf57142c/element - {"using":"xpath","value":"//XCUIElementTypeOther[@name=\"LOGIN\"]"}
RESULT: {"using":"xpath","value":"//XCUIElementTypeOther[@name=\"LOGIN\"]"}
COMMAND: POST /session/bbc6d20c-291e-44c3-82b6-485cdf57142c/element/42000000-0000-0000-3E44-000000000000/click - {}
RESULT: {}
]]></system-out>
    </testcase>
    <testcase classname="iphone11.ios.14_0.ios-simulator-nativedemoapp-0_2_1_app.login and signup" name="sign up account" time="5.237">
      <failure/>
      <error message="LoginPage.signUpTab is not a function"/>
      <system-out><![CDATA[
COMMAND: POST /session/bbc6d20c-291e-44c3-82b6-485cdf57142c/appium/app/launch - {}
RESULT: {}
COMMAND: POST /session/bbc6d20c-291e-44c3-82b6-485cdf57142c/element - {"using":"xpath","value":"//XCUIElementTypeOther[@name=\"Login\"]"}
RESULT: {"using":"xpath","value":"//XCUIElementTypeOther[@name=\"Login\"]"}
COMMAND: POST /session/bbc6d20c-291e-44c3-82b6-485cdf57142c/element/12000000-0000-0000-7844-000000000000/click - {}
RESULT: {}
COMMAND: POST /session/bbc6d20c-291e-44c3-82b6-485cdf57142c/element - {"using":"xpath","value":"//XCUIElementTypeStaticText[@name=\"Sign up\"]"}
RESULT: {"using":"xpath","value":"//XCUIElementTypeStaticText[@name=\"Sign up\"]"}
COMMAND: DELETE /session/bbc6d20c-291e-44c3-82b6-485cdf57142c - {}
RESULT: {}
]]></system-out>
      <system-err><![CDATA[
TypeError: LoginPage.signUpTab is not a function
    at Context.<anonymous> (/Users/myjing/Documents/AppUI-AutoTest/test/specs/ios.e2e.js:16:19)
]]></system-err>
    </testcase>
  </testsuite>
</testsuites>