<?xml version="1.0" encoding="UTF-8"?>
<testsuites>
  <testsuite name="login and signup" timestamp="2021-05-14T15:45:18" time="7.026" tests="1" failures="0" errors="0" skipped="0">
    <properties>
      <property name="specId" value="0"/>
      <property name="suiteName" value="login and signup"/>
      <property name="capabilities" value="iphone11.ios.14_0.ios-simulator-nativedemoapp-0_2_1_app"/>
      <property name="file" value="./test/specs/ios.e2e.js"/>
    </properties>
    <testcase classname="iphone11.ios.14_0.ios-simulator-nativedemoapp-0_2_1_app.login and signup" name="login account" time="7.025">
      <system-out><![CDATA[
COMMAND: POST /session/74dd6736-7e60-43a1-b591-47fcc2745a5d/appium/app/launch - {}
RESULT: {}
COMMAND: POST /session/74dd6736-7e60-43a1-b591-47fcc2745a5d/element - {"using":"xpath","value":"//XCUIElementTypeOther[@name=\"Login\"]"}
RESULT: {"using":"xpath","value":"//XCUIElementTypeOther[@name=\"Login\"]"}
COMMAND: POST /session/74dd6736-7e60-43a1-b591-47fcc2745a5d/element/12000000-0000-0000-ED42-000000000000/click - {}
RESULT: {}
COMMAND: POST /session/74dd6736-7e60-43a1-b591-47fcc2745a5d/element - {"using":"xpath","value":"//XCUIElementTypeTextField[@name=\"input-email\"]"}
RESULT: {"using":"xpath","value":"//XCUIElementTypeTextField[@name=\"input-email\"]"}
COMMAND: POST /session/74dd6736-7e60-43a1-b591-47fcc2745a5d/elements - {"using":"xpath","value":"//XCUIElementTypeTextField[@name=\"input-email\"]"}
RESULT: {"using":"xpath","value":"//XCUIElementTypeTextField[@name=\"input-email\"]"}
COMMAND: POST /session/74dd6736-7e60-43a1-b591-47fcc2745a5d/element - {"using":"xpath","value":"//XCUIElementTypeTextField[@name=\"input-email\"]"}
RESULT: {"using":"xpath","value":"//XCUIElementTypeTextField[@name=\"input-email\"]"}
COMMAND: POST /session/74dd6736-7e60-43a1-b591-47fcc2745a5d/element/4B000000-0000-0000-ED42-000000000000/clear - {}
RESULT: {}
COMMAND: POST /session/74dd6736-7e60-43a1-b591-47fcc2745a5d/element/4B000000-0000-0000-ED42-000000000000/value - {"text":"test@test.com"}
RESULT: {"text":"test@test.com"}
COMMAND: DELETE /session/74dd6736-7e60-43a1-b591-47fcc2745a5d - {}
RESULT: {}
]]></system-out>
    </testcase>
  </testsuite>
</testsuites>